<?xml version="1.0" encoding="UTF-8"?>
<!-- Generated by org.testng.reporters.JUnitReportReporter -->
<testsuite skipped="0" hostname="md1u60ac" name="SystemTest.UITests.testC" tests="19" failures="0" timestamp="03 Jul 2019 13:37:39 GMT" time="292.822" errors="0">
  <testcase name="main" time="15.233" classname="SystemTest.UITests.testC"/>
  <testcase name="main" time="15.118" classname="SystemTest.UITests.testC"/>
  <testcase name="main" time="14.752" classname="SystemTest.UITests.testC"/>
  <testcase name="main" time="14.156" classname="SystemTest.UITests.testC"/>
  <testcase name="main" time="17.996" classname="SystemTest.UITests.testC"/>
  <testcase name="main" time="15.165" classname="SystemTest.UITests.testC"/>
  <testcase name="main" time="16.087" classname="SystemTest.UITests.testC"/>
  <testcase name="main" time="14.924" classname="SystemTest.UITests.testC"/>
  <testcase name="main" time="15.710" classname="SystemTest.UITests.testC"/>
  <testcase name="main" time="16.735" classname="SystemTest.UITests.testC"/>
  <testcase name="main" time="15.048" classname="SystemTest.UITests.testC"/>
  <testcase name="main" time="16.030" classname="SystemTest.UITests.testC"/>
  <testcase name="main" time="14.952" classname="SystemTest.UITests.testC"/>
  <testcase name="main" time="15.005" classname="SystemTest.UITests.testC"/>
  <testcase name="main" time="15.073" classname="SystemTest.UITests.testC"/>
  <testcase name="main" time="14.847" classname="SystemTest.UITests.testC"/>
  <testcase name="main" time="15.635" classname="SystemTest.UITests.testC"/>
  <testcase name="main" time="15.237" classname="SystemTest.UITests.testC"/>
  <testcase name="main" time="15.119" classname="SystemTest.UITests.testC"/>
</testsuite> <!-- SystemTest.UITests.testC -->
